0 info it worked if it ends with ok
1 verbose cli [ 'node', '/usr/local/bin/npm', 'install', 'package.json' ]
2 info using npm@1.1.65
3 info using node@v0.8.14
4 verbose read json /WRKK/G/garagelab/mediasancion/package.json
5 verbose read json /WRKK/G/garagelab/mediasancion/node_modules/express/package.json
6 verbose read json /WRKK/G/garagelab/mediasancion/node_modules/jade/package.json
7 verbose read json /WRKK/G/garagelab/mediasancion/node_modules/less-middleware/package.json
8 verbose read json /WRKK/G/garagelab/mediasancion/node_modules/nib/package.json
9 verbose read json /WRKK/G/garagelab/mediasancion/node_modules/stylus/package.json
10 verbose read json /WRKK/G/garagelab/mediasancion/node_modules/superagent/package.json
11 verbose from cache /WRKK/G/garagelab/mediasancion/package.json
12 verbose readDependencies using package.json deps
13 verbose cache add [ 'package.json', null ]
14 silly cache add name=undefined spec="package.json" args=["package.json",null]
15 verbose parsed url { pathname: 'package.json',
15 verbose parsed url   path: 'package.json',
15 verbose parsed url   href: 'package.json' }
16 silly lockFile 7030d0b2-package-json package.json
17 verbose lock package.json /Users/Davo/.npm/7030d0b2-package-json.lock
18 verbose chmod /var/folders/5y/5yJd+bwGFVux82PDCqpPuk+++TM/-Tmp-/npm-2428/1355103063623-0.8833515478763729/tmp.tgz 644
19 verbose tar unpack /var/folders/5y/5yJd+bwGFVux82PDCqpPuk+++TM/-Tmp-/npm-2428/1355103063623-0.8833515478763729/tmp.tgz
20 silly lockFile 6e045045-63623-0-8833515478763729-package /var/folders/5y/5yJd+bwGFVux82PDCqpPuk+++TM/-Tmp-/npm-2428/1355103063623-0.8833515478763729/package
21 verbose lock /var/folders/5y/5yJd+bwGFVux82PDCqpPuk+++TM/-Tmp-/npm-2428/1355103063623-0.8833515478763729/package /Users/Davo/.npm/6e045045-63623-0-8833515478763729-package.lock
22 silly gunzTarPerm modes [ '755', '644' ]
23 verbose read json /var/folders/5y/5yJd+bwGFVux82PDCqpPuk+++TM/-Tmp-/npm-2428/1355103063623-0.8833515478763729/package/package.json
24 error not a package /var/folders/5y/5yJd+bwGFVux82PDCqpPuk+++TM/-Tmp-/npm-2428/1355103063623-0.8833515478763729/tmp.tgz
25 silly lockFile 6e045045-63623-0-8833515478763729-package /var/folders/5y/5yJd+bwGFVux82PDCqpPuk+++TM/-Tmp-/npm-2428/1355103063623-0.8833515478763729/package
26 silly lockFile 7030d0b2-package-json package.json
27 verbose addNamed [ 'package.json', '' ]
28 verbose addNamed [ null, '' ]
29 silly lockFile 20e84675-package-json package.json@
30 verbose lock package.json@ /Users/Davo/.npm/20e84675-package-json.lock
31 silly addNameRange { name: 'package.json', range: '', hasData: false }
32 verbose url raw package.json
33 verbose url resolving [ 'https://registry.npmjs.org/', './package.json' ]
34 verbose url resolved https://registry.npmjs.org/package.json
35 info trying registry request attempt 1 at 22:31:03
36 http GET https://registry.npmjs.org/package.json
37 http 404 https://registry.npmjs.org/package.json
38 silly registry.get cb [ 404,
38 silly registry.get   { server: 'CouchDB/1.2.0 (Erlang OTP/R15B)',
38 silly registry.get     date: 'Mon, 10 Dec 2012 01:28:15 GMT',
38 silly registry.get     'content-type': 'application/json',
38 silly registry.get     'content-length': '52',
38 silly registry.get     'cache-control': 'must-revalidate' } ]
39 silly lockFile 20e84675-package-json package.json@
40 error 404 'package.json' is not in the npm registry.
40 error 404 You should bug the author to publish it
40 error 404
40 error 404 Note that you can also install from a
40 error 404 tarball, folder, or http url, or git url.
41 error System Darwin 10.8.0
42 error command "node" "/usr/local/bin/npm" "install" "package.json"
43 error cwd /WRKK/G/garagelab/mediasancion
44 error node -v v0.8.14
45 error npm -v 1.1.65
46 error code E404
47 verbose exit [ 1, true ]
